after
append
apply
array
auto_execok
bgerror
binary
break
case
catch
cd
chan
clock
close
concat
continue
dde
dict
encoding
eof
error
eval
exec
exit
expr
fblocked
fconfigure
fcopy
file
fileevent
filename
flush
for
foreach
format
gets
glob
global
history
http
if
incr
info
interp
join
lappend
lassign
lindex
linsert
list
llength
load
lrange
lrepeat
lreplace
lreverse
lsearch
lset
lsort
mathfunc
mathop
memory
msgcat
namespace
open
package
pid
pkg.create
pkg_mkIndex
platform
platform
proc
puts
pwd
read
refchan
regexp
registry
regsub
rename
return
re_syntax
SafeBase
scan
seek
set
socket
source
split
string
subst
switch
Tcl
tcltest
tclvars
tell
time
tm
trace
unknown
unload
unset
update
uplevel
upvar
variable
vwait
while
